
> sample1@0.0.0 start /home/ubuntu/node-sample/sample1
> nodemon app.js

[33m[nodemon] 1.18.8[39m
[33m[nodemon] to restart at any time, enter `rs`[39m
[33m[nodemon] watching: *.*[39m
[32m[nodemon] starting `node app.js`[39m
events.js:183
      throw er; // Unhandled 'error' event
      ^

Error: EBADF: bad file descriptor, read

npm ERR! Linux 4.15.0-1021-aws
npm ERR! argv "/usr/bin/node" "/usr/bin/npm" "start"
npm ERR! node v8.10.0
npm ERR! npm  v3.5.2
npm ERR! code ELIFECYCLE
npm ERR! sample1@0.0.0 start: `nodemon app.js`
npm ERR! Exit status 1
npm ERR! 
npm ERR! Failed at the sample1@0.0.0 start script 'nodemon app.js'.
npm ERR! Make sure you have the latest version of node.js and npm installed.
npm ERR! If you do, this is most likely a problem with the sample1 package,
npm ERR! not with npm itself.
npm ERR! Tell the author that this fails on your system:
npm ERR!     nodemon app.js
npm ERR! You can get information on how to open an issue for this project with:
npm ERR!     npm bugs sample1
npm ERR! Or if that isn't available, you can get their info via:
npm ERR!     npm owner ls sample1
npm ERR! There is likely additional logging output above.

npm ERR! Please include the following file with any support request:
npm ERR!     /home/ubuntu/node-sample/sample1/npm-debug.log

> sample1@0.0.0 start /home/ubuntu/node-sample/sample1
> nodemon app.js

[33m[nodemon] 1.18.8[39m
[33m[nodemon] to restart at any time, enter `rs`[39m
[33m[nodemon] watching: *.*[39m
[32m[nodemon] starting `node app.js`[39m
events.js:183
      throw er; // Unhandled 'error' event
      ^

Error: EBADF: bad file descriptor, read

npm ERR! Linux 4.15.0-1021-aws
npm ERR! argv "/usr/bin/node" "/usr/bin/npm" "start"
npm ERR! node v8.10.0
npm ERR! npm  v3.5.2
npm ERR! code ELIFECYCLE
npm ERR! sample1@0.0.0 start: `nodemon app.js`
npm ERR! Exit status 1
npm ERR! 
npm ERR! Failed at the sample1@0.0.0 start script 'nodemon app.js'.
npm ERR! Make sure you have the latest version of node.js and npm installed.
npm ERR! If you do, this is most likely a problem with the sample1 package,
npm ERR! not with npm itself.
npm ERR! Tell the author that this fails on your system:
npm ERR!     nodemon app.js
npm ERR! You can get information on how to open an issue for this project with:
npm ERR!     npm bugs sample1
npm ERR! Or if that isn't available, you can get their info via:
npm ERR!     npm owner ls sample1
npm ERR! There is likely additional logging output above.

npm ERR! Please include the following file with any support request:
npm ERR!     /home/ubuntu/node-sample/sample1/npm-debug.log

> sample1@0.0.0 start /home/ubuntu/node-sample/sample1
> nodemon app.js

[33m[nodemon] 1.18.8[39m
[33m[nodemon] to restart at any time, enter `rs`[39m
[33m[nodemon] watching: *.*[39m
[32m[nodemon] starting `node app.js`[39m
events.js:183
      throw er; // Unhandled 'error' event
      ^

Error: EBADF: bad file descriptor, read

npm ERR! Linux 4.15.0-1021-aws
npm ERR! argv "/usr/bin/node" "/usr/bin/npm" "start"
npm ERR! node v8.10.0
npm ERR! npm  v3.5.2
npm ERR! code ELIFECYCLE
npm ERR! sample1@0.0.0 start: `nodemon app.js`
npm ERR! Exit status 1
npm ERR! 
npm ERR! Failed at the sample1@0.0.0 start script 'nodemon app.js'.
npm ERR! Make sure you have the latest version of node.js and npm installed.
npm ERR! If you do, this is most likely a problem with the sample1 package,
npm ERR! not with npm itself.
npm ERR! Tell the author that this fails on your system:
npm ERR!     nodemon app.js
npm ERR! You can get information on how to open an issue for this project with:
npm ERR!     npm bugs sample1
npm ERR! Or if that isn't available, you can get their info via:
npm ERR!     npm owner ls sample1
npm ERR! There is likely additional logging output above.

npm ERR! Please include the following file with any support request:
npm ERR!     /home/ubuntu/node-sample/sample1/npm-debug.log

> sample1@0.0.0 start /home/ubuntu/node-sample/sample1
> nodemon app.js

[33m[nodemon] 1.18.8[39m
[33m[nodemon] to restart at any time, enter `rs`[39m
[33m[nodemon] watching: *.*[39m
[32m[nodemon] starting `node app.js`[39m
events.js:183
      throw er; // Unhandled 'error' event
      ^

Error: EBADF: bad file descriptor, read

npm ERR! Linux 4.15.0-1021-aws
npm ERR! argv "/usr/bin/node" "/usr/bin/npm" "start"
npm ERR! node v8.10.0
npm ERR! npm  v3.5.2
npm ERR! code ELIFECYCLE
npm ERR! sample1@0.0.0 start: `nodemon app.js`
npm ERR! Exit status 1
npm ERR! 
npm ERR! Failed at the sample1@0.0.0 start script 'nodemon app.js'.
npm ERR! Make sure you have the latest version of node.js and npm installed.
npm ERR! If you do, this is most likely a problem with the sample1 package,
npm ERR! not with npm itself.
npm ERR! Tell the author that this fails on your system:
npm ERR!     nodemon app.js
npm ERR! You can get information on how to open an issue for this project with:
npm ERR!     npm bugs sample1
npm ERR! Or if that isn't available, you can get their info via:
npm ERR!     npm owner ls sample1
npm ERR! There is likely additional logging output above.

npm ERR! Please include the following file with any support request:
npm ERR!     /home/ubuntu/node-sample/sample1/npm-debug.log

> sample1@0.0.0 start /home/ubuntu/node-sample/sample1
> nodemon app.js

[33m[nodemon] 1.18.8[39m
[33m[nodemon] to restart at any time, enter `rs`[39m
[33m[nodemon] watching: *.*[39m
[32m[nodemon] starting `node app.js`[39m
events.js:183
      throw er; // Unhandled 'error' event
      ^

Error: EBADF: bad file descriptor, read

npm ERR! Linux 4.15.0-1021-aws
npm ERR! argv "/usr/bin/node" "/usr/bin/npm" "start"
npm ERR! node v8.10.0
npm ERR! npm  v3.5.2
npm ERR! code ELIFECYCLE
npm ERR! sample1@0.0.0 start: `nodemon app.js`
npm ERR! Exit status 1
npm ERR! 
npm ERR! Failed at the sample1@0.0.0 start script 'nodemon app.js'.
npm ERR! Make sure you have the latest version of node.js and npm installed.
npm ERR! If you do, this is most likely a problem with the sample1 package,
npm ERR! not with npm itself.
npm ERR! Tell the author that this fails on your system:
npm ERR!     nodemon app.js
npm ERR! You can get information on how to open an issue for this project with:
npm ERR!     npm bugs sample1
npm ERR! Or if that isn't available, you can get their info via:
npm ERR!     npm owner ls sample1
npm ERR! There is likely additional logging output above.

npm ERR! Please include the following file with any support request:
npm ERR!     /home/ubuntu/node-sample/sample1/npm-debug.log

> sample1@0.0.0 start /home/ubuntu/node-sample/sample1
> nodemon app.js

[33m[nodemon] 1.18.8[39m
[33m[nodemon] to restart at any time, enter `rs`[39m
[33m[nodemon] watching: *.*[39m
[32m[nodemon] starting `node app.js`[39m
events.js:183
      throw er; // Unhandled 'error' event
      ^

Error: EBADF: bad file descriptor, read

npm ERR! Linux 4.15.0-1021-aws
npm ERR! argv "/usr/bin/node" "/usr/bin/npm" "start"
npm ERR! node v8.10.0
npm ERR! npm  v3.5.2
npm ERR! code ELIFECYCLE
npm ERR! sample1@0.0.0 start: `nodemon app.js`
npm ERR! Exit status 1
npm ERR! 
npm ERR! Failed at the sample1@0.0.0 start script 'nodemon app.js'.
npm ERR! Make sure you have the latest version of node.js and npm installed.
npm ERR! If you do, this is most likely a problem with the sample1 package,
npm ERR! not with npm itself.
npm ERR! Tell the author that this fails on your system:
npm ERR!     nodemon app.js
npm ERR! You can get information on how to open an issue for this project with:
npm ERR!     npm bugs sample1
npm ERR! Or if that isn't available, you can get their info via:
npm ERR!     npm owner ls sample1
npm ERR! There is likely additional logging output above.

npm ERR! Please include the following file with any support request:
npm ERR!     /home/ubuntu/node-sample/sample1/npm-debug.log

> sample1@0.0.0 start /home/ubuntu/node-sample/sample1
> nodemon app.js

[33m[nodemon] 1.18.8[39m
[33m[nodemon] to restart at any time, enter `rs`[39m
[33m[nodemon] watching: *.*[39m
[32m[nodemon] starting `node app.js`[39m
events.js:183
      throw er; // Unhandled 'error' event
      ^

Error: EBADF: bad file descriptor, read

npm ERR! Linux 4.15.0-1021-aws
npm ERR! argv "/usr/bin/node" "/usr/bin/npm" "start"
npm ERR! node v8.10.0
npm ERR! npm  v3.5.2
npm ERR! code ELIFECYCLE
npm ERR! sample1@0.0.0 start: `nodemon app.js`
npm ERR! Exit status 1
npm ERR! 
npm ERR! Failed at the sample1@0.0.0 start script 'nodemon app.js'.
npm ERR! Make sure you have the latest version of node.js and npm installed.
npm ERR! If you do, this is most likely a problem with the sample1 package,
npm ERR! not with npm itself.
npm ERR! Tell the author that this fails on your system:
npm ERR!     nodemon app.js
npm ERR! You can get information on how to open an issue for this project with:
npm ERR!     npm bugs sample1
npm ERR! Or if that isn't available, you can get their info via:
npm ERR!     npm owner ls sample1
npm ERR! There is likely additional logging output above.

npm ERR! Please include the following file with any support request:
npm ERR!     /home/ubuntu/node-sample/sample1/npm-debug.log

> sample1@0.0.0 start /home/ubuntu/node-sample/sample1
> nodemon app.js

[33m[nodemon] 1.18.8[39m
[33m[nodemon] to restart at any time, enter `rs`[39m
[33m[nodemon] watching: *.*[39m
[32m[nodemon] starting `node app.js`[39m
events.js:183
      throw er; // Unhandled 'error' event
      ^

Error: EBADF: bad file descriptor, read

npm ERR! Linux 4.15.0-1021-aws
npm ERR! argv "/usr/bin/node" "/usr/bin/npm" "start"
npm ERR! node v8.10.0
npm ERR! npm  v3.5.2
npm ERR! code ELIFECYCLE
npm ERR! sample1@0.0.0 start: `nodemon app.js`
npm ERR! Exit status 1
npm ERR! 
npm ERR! Failed at the sample1@0.0.0 start script 'nodemon app.js'.
npm ERR! Make sure you have the latest version of node.js and npm installed.
npm ERR! If you do, this is most likely a problem with the sample1 package,
npm ERR! not with npm itself.
npm ERR! Tell the author that this fails on your system:
npm ERR!     nodemon app.js
npm ERR! You can get information on how to open an issue for this project with:
npm ERR!     npm bugs sample1
npm ERR! Or if that isn't available, you can get their info via:
npm ERR!     npm owner ls sample1
npm ERR! There is likely additional logging output above.

npm ERR! Please include the following file with any support request:
npm ERR!     /home/ubuntu/node-sample/sample1/npm-debug.log

> sample1@0.0.0 start /home/ubuntu/node-sample/sample1
> nodemon app.js

[33m[nodemon] 1.18.8[39m
[33m[nodemon] to restart at any time, enter `rs`[39m
[33m[nodemon] watching: *.*[39m
[32m[nodemon] starting `node app.js`[39m
events.js:183
      throw er; // Unhandled 'error' event
      ^

Error: EBADF: bad file descriptor, read

npm ERR! Linux 4.15.0-1021-aws
npm ERR! argv "/usr/bin/node" "/usr/bin/npm" "start"
npm ERR! node v8.10.0
npm ERR! npm  v3.5.2
npm ERR! code ELIFECYCLE
npm ERR! sample1@0.0.0 start: `nodemon app.js`
npm ERR! Exit status 1
npm ERR! 
npm ERR! Failed at the sample1@0.0.0 start script 'nodemon app.js'.
npm ERR! Make sure you have the latest version of node.js and npm installed.
npm ERR! If you do, this is most likely a problem with the sample1 package,
npm ERR! not with npm itself.
npm ERR! Tell the author that this fails on your system:
npm ERR!     nodemon app.js
npm ERR! You can get information on how to open an issue for this project with:
npm ERR!     npm bugs sample1
npm ERR! Or if that isn't available, you can get their info via:
npm ERR!     npm owner ls sample1
npm ERR! There is likely additional logging output above.

npm ERR! Please include the following file with any support request:
npm ERR!     /home/ubuntu/node-sample/sample1/npm-debug.log

> sample1@0.0.0 start /home/ubuntu/node-sample/sample1
> nodemon app.js

[33m[nodemon] 1.18.8[39m
[33m[nodemon] to restart at any time, enter `rs`[39m
[33m[nodemon] watching: *.*[39m
[32m[nodemon] starting `node app.js`[39m
events.js:183
      throw er; // Unhandled 'error' event
      ^

Error: EBADF: bad file descriptor, read

npm ERR! Linux 4.15.0-1021-aws
npm ERR! argv "/usr/bin/node" "/usr/bin/npm" "start"
npm ERR! node v8.10.0
npm ERR! npm  v3.5.2
npm ERR! code ELIFECYCLE
npm ERR! sample1@0.0.0 start: `nodemon app.js`
npm ERR! Exit status 1
npm ERR! 
npm ERR! Failed at the sample1@0.0.0 start script 'nodemon app.js'.
npm ERR! Make sure you have the latest version of node.js and npm installed.
npm ERR! If you do, this is most likely a problem with the sample1 package,
npm ERR! not with npm itself.
npm ERR! Tell the author that this fails on your system:
npm ERR!     nodemon app.js
npm ERR! You can get information on how to open an issue for this project with:
npm ERR!     npm bugs sample1
npm ERR! Or if that isn't available, you can get their info via:
npm ERR!     npm owner ls sample1
npm ERR! There is likely additional logging output above.

npm ERR! Please include the following file with any support request:
npm ERR!     /home/ubuntu/node-sample/sample1/npm-debug.log

> sample1@0.0.0 start /home/ubuntu/node-sample/sample1
> nodemon app.js

[33m[nodemon] 1.18.8[39m
[33m[nodemon] to restart at any time, enter `rs`[39m
[33m[nodemon] watching: *.*[39m
[32m[nodemon] starting `node app.js`[39m
events.js:183
      throw er; // Unhandled 'error' event
      ^

Error: EBADF: bad file descriptor, read

npm ERR! Linux 4.15.0-1021-aws
npm ERR! argv "/usr/bin/node" "/usr/bin/npm" "start"
npm ERR! node v8.10.0
npm ERR! npm  v3.5.2
npm ERR! code ELIFECYCLE
npm ERR! sample1@0.0.0 start: `nodemon app.js`
npm ERR! Exit status 1
npm ERR! 
npm ERR! Failed at the sample1@0.0.0 start script 'nodemon app.js'.
npm ERR! Make sure you have the latest version of node.js and npm installed.
npm ERR! If you do, this is most likely a problem with the sample1 package,
npm ERR! not with npm itself.
npm ERR! Tell the author that this fails on your system:
npm ERR!     nodemon app.js
npm ERR! You can get information on how to open an issue for this project with:
npm ERR!     npm bugs sample1
npm ERR! Or if that isn't available, you can get their info via:
npm ERR!     npm owner ls sample1
npm ERR! There is likely additional logging output above.

npm ERR! Please include the following file with any support request:
npm ERR!     /home/ubuntu/node-sample/sample1/npm-debug.log

> sample1@0.0.0 start /home/ubuntu/node-sample/sample1
> nodemon app.js

[33m[nodemon] 1.18.8[39m
[33m[nodemon] to restart at any time, enter `rs`[39m
[33m[nodemon] watching: *.*[39m
[32m[nodemon] starting `node app.js`[39m
events.js:183
      throw er; // Unhandled 'error' event
      ^

Error: EBADF: bad file descriptor, read

npm ERR! Linux 4.15.0-1021-aws
npm ERR! argv "/usr/bin/node" "/usr/bin/npm" "start"
npm ERR! node v8.10.0
npm ERR! npm  v3.5.2
npm ERR! code ELIFECYCLE
npm ERR! sample1@0.0.0 start: `nodemon app.js`
npm ERR! Exit status 1
npm ERR! 
npm ERR! Failed at the sample1@0.0.0 start script 'nodemon app.js'.
npm ERR! Make sure you have the latest version of node.js and npm installed.
npm ERR! If you do, this is most likely a problem with the sample1 package,
npm ERR! not with npm itself.
npm ERR! Tell the author that this fails on your system:
npm ERR!     nodemon app.js
npm ERR! You can get information on how to open an issue for this project with:
npm ERR!     npm bugs sample1
npm ERR! Or if that isn't available, you can get their info via:
npm ERR!     npm owner ls sample1
npm ERR! There is likely additional logging output above.

npm ERR! Please include the following file with any support request:
npm ERR!     /home/ubuntu/node-sample/sample1/npm-debug.log

> sample1@0.0.0 start /home/ubuntu/node-sample/sample1
> nodemon app.js

[33m[nodemon] 1.18.8[39m
[33m[nodemon] to restart at any time, enter `rs`[39m
[33m[nodemon] watching: *.*[39m
[32m[nodemon] starting `node app.js`[39m
events.js:183
      throw er; // Unhandled 'error' event
      ^

Error: EBADF: bad file descriptor, read

npm ERR! Linux 4.15.0-1021-aws
npm ERR! argv "/usr/bin/node" "/usr/bin/npm" "start"
npm ERR! node v8.10.0
npm ERR! npm  v3.5.2
npm ERR! code ELIFECYCLE
npm ERR! sample1@0.0.0 start: `nodemon app.js`
npm ERR! Exit status 1
npm ERR! 
npm ERR! Failed at the sample1@0.0.0 start script 'nodemon app.js'.
npm ERR! Make sure you have the latest version of node.js and npm installed.
npm ERR! If you do, this is most likely a problem with the sample1 package,
npm ERR! not with npm itself.
npm ERR! Tell the author that this fails on your system:
npm ERR!     nodemon app.js
npm ERR! You can get information on how to open an issue for this project with:
npm ERR!     npm bugs sample1
npm ERR! Or if that isn't available, you can get their info via:
npm ERR!     npm owner ls sample1
npm ERR! There is likely additional logging output above.

npm ERR! Please include the following file with any support request:
npm ERR!     /home/ubuntu/node-sample/sample1/npm-debug.log

> sample1@0.0.0 start /home/ubuntu/node-sample/sample1
> nodemon app.js

[33m[nodemon] 1.18.8[39m
[33m[nodemon] to restart at any time, enter `rs`[39m
[33m[nodemon] watching: *.*[39m
[32m[nodemon] starting `node app.js`[39m
events.js:183
      throw er; // Unhandled 'error' event
      ^

Error: EBADF: bad file descriptor, read

npm ERR! Linux 4.15.0-1021-aws
npm ERR! argv "/usr/bin/node" "/usr/bin/npm" "start"
npm ERR! node v8.10.0
npm ERR! npm  v3.5.2
npm ERR! code ELIFECYCLE
npm ERR! sample1@0.0.0 start: `nodemon app.js`
npm ERR! Exit status 1
npm ERR! 
npm ERR! Failed at the sample1@0.0.0 start script 'nodemon app.js'.
npm ERR! Make sure you have the latest version of node.js and npm installed.
npm ERR! If you do, this is most likely a problem with the sample1 package,
npm ERR! not with npm itself.
npm ERR! Tell the author that this fails on your system:
npm ERR!     nodemon app.js
npm ERR! You can get information on how to open an issue for this project with:
npm ERR!     npm bugs sample1
npm ERR! Or if that isn't available, you can get their info via:
npm ERR!     npm owner ls sample1
npm ERR! There is likely additional logging output above.

npm ERR! Please include the following file with any support request:
npm ERR!     /home/ubuntu/node-sample/sample1/npm-debug.log

> sample1@0.0.0 start /home/ubuntu/node-sample/sample1
> nodemon app.js

[33m[nodemon] 1.18.8[39m
[33m[nodemon] to restart at any time, enter `rs`[39m
[33m[nodemon] watching: *.*[39m
[32m[nodemon] starting `node app.js`[39m
events.js:183
      throw er; // Unhandled 'error' event
      ^

Error: EBADF: bad file descriptor, read

npm ERR! Linux 4.15.0-1021-aws
npm ERR! argv "/usr/bin/node" "/usr/bin/npm" "start"
npm ERR! node v8.10.0
npm ERR! npm  v3.5.2
npm ERR! code ELIFECYCLE
npm ERR! sample1@0.0.0 start: `nodemon app.js`
npm ERR! Exit status 1
npm ERR! 
npm ERR! Failed at the sample1@0.0.0 start script 'nodemon app.js'.
npm ERR! Make sure you have the latest version of node.js and npm installed.
npm ERR! If you do, this is most likely a problem with the sample1 package,
npm ERR! not with npm itself.
npm ERR! Tell the author that this fails on your system:
npm ERR!     nodemon app.js
npm ERR! You can get information on how to open an issue for this project with:
npm ERR!     npm bugs sample1
npm ERR! Or if that isn't available, you can get their info via:
npm ERR!     npm owner ls sample1
npm ERR! There is likely additional logging output above.

npm ERR! Please include the following file with any support request:
npm ERR!     /home/ubuntu/node-sample/sample1/npm-debug.log
